<?xml version="1.0" encoding="UTF-8"?>
<testng-results retried="2" ignored="0" total="8" passed="5" failed="1" skipped="0">
  <reporter-output>
  </reporter-output>
  <suite started-at="2025-05-23T15:07:44 IST" name="Suite" finished-at="2025-05-23T15:08:28 IST" duration-ms="43707">
    <groups>
      <group name="smoke">
        <method signature="dataprovider.data(java.lang.String,java.lang.String)[pri:1, instance:Annotations.dataprovider@4f2b503c]" name="data" class="Annotations.dataprovider"/>
      </group> <!-- smoke -->
      <group name="sanity">
        <method signature="dataprovider.data1(java.lang.String,java.lang.String)[pri:2, instance:Annotations.dataprovider@4f2b503c]" name="data1" class="Annotations.dataprovider"/>
      </group> <!-- sanity -->
    </groups>
    <test started-at="2025-05-23T15:07:44 IST" name="SmokeTest" finished-at="2025-05-23T15:08:28 IST" duration-ms="43707">
      <class name="Annotations.dataprovider">
        <test-method is-config="true" signature="launchbrowser(java.lang.String)[pri:0, instance:Annotations.dataprovider@4f2b503c]" started-at="2025-05-23T15:07:46 IST" name="launchbrowser" finished-at="2025-05-23T15:07:50 IST" duration-ms="4012" status="PASS">
          <params>
            <param index="0">
              <value>
                <![CDATA[chrome]]>
              </value>
            </param>
          </params>
          <reporter-output>
          </reporter-output>
        </test-method> <!-- launchbrowser -->
        <test-method signature="data(java.lang.String,java.lang.String)[pri:1, instance:Annotations.dataprovider@4f2b503c]" started-at="2025-05-23T15:07:50 IST" name="data" data-provider="data" finished-at="2025-05-23T15:07:53 IST" duration-ms="3610" status="PASS">
          <params>
            <param index="0">
              <value>
                <![CDATA[student]]>
              </value>
            </param>
            <param index="1">
              <value>
                <![CDATA[Password123]]>
              </value>
            </param>
          </params>
          <reporter-output>
          </reporter-output>
        </test-method> <!-- data -->
        <test-method is-config="true" signature="closebrowser()[pri:0, instance:Annotations.dataprovider@4f2b503c]" started-at="2025-05-23T15:07:53 IST" name="closebrowser" finished-at="2025-05-23T15:07:53 IST" duration-ms="115" status="PASS">
          <reporter-output>
          </reporter-output>
        </test-method> <!-- closebrowser -->
        <test-method is-config="true" signature="launchbrowser(java.lang.String)[pri:0, instance:Annotations.dataprovider@4f2b503c]" started-at="2025-05-23T15:07:53 IST" name="launchbrowser" finished-at="2025-05-23T15:07:57 IST" duration-ms="3277" status="PASS">
          <params>
            <param index="0">
              <value>
                <![CDATA[chrome]]>
              </value>
            </param>
          </params>
          <reporter-output>
          </reporter-output>
        </test-method> <!-- launchbrowser -->
        <test-method signature="data1(java.lang.String,java.lang.String)[pri:2, instance:Annotations.dataprovider@4f2b503c]" started-at="2025-05-23T15:07:57 IST" name="data1" data-provider="datas" finished-at="2025-05-23T15:07:57 IST" duration-ms="330" status="PASS">
          <params>
            <param index="0">
              <value>
                <![CDATA[Stu dent]]>
              </value>
            </param>
            <param index="1">
              <value>
                <![CDATA[Paswes 123]]>
              </value>
            </param>
          </params>
          <reporter-output>
          </reporter-output>
        </test-method> <!-- data1 -->
        <test-method is-config="true" signature="closebrowser()[pri:0, instance:Annotations.dataprovider@4f2b503c]" started-at="2025-05-23T15:07:57 IST" name="closebrowser" finished-at="2025-05-23T15:07:57 IST" duration-ms="89" status="PASS">
          <reporter-output>
          </reporter-output>
        </test-method> <!-- closebrowser -->
        <test-method is-config="true" signature="launchbrowser(java.lang.String)[pri:0, instance:Annotations.dataprovider@4f2b503c]" started-at="2025-05-23T15:07:57 IST" name="launchbrowser" finished-at="2025-05-23T15:08:03 IST" duration-ms="6132" status="PASS">
          <params>
            <param index="0">
              <value>
                <![CDATA[chrome]]>
              </value>
            </param>
          </params>
          <reporter-output>
          </reporter-output>
        </test-method> <!-- launchbrowser -->
        <test-method signature="data1(java.lang.String,java.lang.String)[pri:2, instance:Annotations.dataprovider@4f2b503c]" started-at="2025-05-23T15:08:03 IST" name="data1" data-provider="datas" finished-at="2025-05-23T15:08:04 IST" duration-ms="343" status="PASS">
          <params>
            <param index="0">
              <value>
                <![CDATA[Stu 234]]>
              </value>
            </param>
            <param index="1">
              <value>
                <![CDATA[]]>
              </value>
            </param>
          </params>
          <reporter-output>
          </reporter-output>
        </test-method> <!-- data1 -->
        <test-method is-config="true" signature="closebrowser()[pri:0, instance:Annotations.dataprovider@4f2b503c]" started-at="2025-05-23T15:08:04 IST" name="closebrowser" finished-at="2025-05-23T15:08:04 IST" duration-ms="104" status="PASS">
          <reporter-output>
          </reporter-output>
        </test-method> <!-- closebrowser -->
        <test-method is-config="true" signature="launchbrowser(java.lang.String)[pri:0, instance:Annotations.dataprovider@4f2b503c]" started-at="2025-05-23T15:08:04 IST" name="launchbrowser" finished-at="2025-05-23T15:08:07 IST" duration-ms="3244" status="PASS">
          <params>
            <param index="0">
              <value>
                <![CDATA[chrome]]>
              </value>
            </param>
          </params>
          <reporter-output>
          </reporter-output>
        </test-method> <!-- launchbrowser -->
        <test-method signature="data1(java.lang.String,java.lang.String)[pri:2, instance:Annotations.dataprovider@4f2b503c]" started-at="2025-05-23T15:08:07 IST" name="data1" data-provider="datas" finished-at="2025-05-23T15:08:07 IST" duration-ms="338" status="PASS">
          <params>
            <param index="0">
              <value>
                <![CDATA[]]>
              </value>
            </param>
            <param index="1">
              <value>
                <![CDATA[Pass12sdr]]>
              </value>
            </param>
          </params>
          <reporter-output>
          </reporter-output>
        </test-method> <!-- data1 -->
        <test-method is-config="true" signature="closebrowser()[pri:0, instance:Annotations.dataprovider@4f2b503c]" started-at="2025-05-23T15:08:07 IST" name="closebrowser" finished-at="2025-05-23T15:08:07 IST" duration-ms="112" status="PASS">
          <reporter-output>
          </reporter-output>
        </test-method> <!-- closebrowser -->
        <test-method is-config="true" signature="launchbrowser(java.lang.String)[pri:0, instance:Annotations.dataprovider@4f2b503c]" started-at="2025-05-23T15:08:07 IST" name="launchbrowser" finished-at="2025-05-23T15:08:11 IST" duration-ms="3254" status="PASS">
          <params>
            <param index="0">
              <value>
                <![CDATA[chrome]]>
              </value>
            </param>
          </params>
          <reporter-output>
          </reporter-output>
        </test-method> <!-- launchbrowser -->
        <test-method signature="data1(java.lang.String,java.lang.String)[pri:2, instance:Annotations.dataprovider@4f2b503c]" started-at="2025-05-23T15:08:11 IST" name="data1" data-provider="datas" finished-at="2025-05-23T15:08:11 IST" duration-ms="298" status="PASS">
          <params>
            <param index="0">
              <value>
                <![CDATA[12]]>
              </value>
            </param>
            <param index="1">
              <value>
                <![CDATA[233]]>
              </value>
            </param>
          </params>
          <reporter-output>
          </reporter-output>
        </test-method> <!-- data1 -->
        <test-method is-config="true" signature="closebrowser()[pri:0, instance:Annotations.dataprovider@4f2b503c]" started-at="2025-05-23T15:08:11 IST" name="closebrowser" finished-at="2025-05-23T15:08:11 IST" duration-ms="96" status="PASS">
          <reporter-output>
          </reporter-output>
        </test-method> <!-- closebrowser -->
        <test-method is-config="true" signature="launchbrowser(java.lang.String)[pri:0, instance:Annotations.dataprovider@4f2b503c]" started-at="2025-05-23T15:08:11 IST" name="launchbrowser" finished-at="2025-05-23T15:08:17 IST" duration-ms="5902" status="PASS">
          <params>
            <param index="0">
              <value>
                <![CDATA[chrome]]>
              </value>
            </param>
          </params>
          <reporter-output>
          </reporter-output>
        </test-method> <!-- launchbrowser -->
        <test-method retried="true" signature="data1(java.lang.String,java.lang.String)[pri:2, instance:Annotations.dataprovider@4f2b503c]" started-at="2025-05-23T15:08:17 IST" name="data1" data-provider="datas" finished-at="2025-05-23T15:08:18 IST" duration-ms="988" status="SKIP">
          <params>
            <param index="0">
              <value>
                <![CDATA[student]]>
              </value>
            </param>
            <param index="1">
              <value>
                <![CDATA[Password123]]>
              </value>
            </param>
          </params>
          <exception class="java.lang.AssertionError">
            <message>
              <![CDATA[logpassed expected [https://practicetestautomation.com/practice-test-login/] but found [https://practicetestautomation.com/logged-in-successfully/]]]>
            </message>
            <full-stacktrace>
              <![CDATA[java.lang.AssertionError: logpassed expected [https://practicetestautomation.com/practice-test-login/] but found [https://practicetestautomation.com/logged-in-successfully/]
at org.testng.Assert.fail(Assert.java:99)
at org.testng.Assert.failNotEquals(Assert.java:1037)
at org.testng.Assert.assertEqualsImpl(Assert.java:140)
at org.testng.Assert.assertEquals(Assert.java:122)
at org.testng.Assert.assertEquals(Assert.java:629)
at Annotations.dataprovider.data1(dataprovider.java:131)
at java.base/jdk.internal.reflect.NativeMethodAccessorImpl.invoke0(Native Method)
at java.base/jdk.internal.reflect.NativeMethodAccessorImpl.invoke(NativeMethodAccessorImpl.java:77)
at java.base/jdk.internal.reflect.DelegatingMethodAccessorImpl.invoke(DelegatingMethodAccessorImpl.java:43)
at java.base/java.lang.reflect.Method.invoke(Method.java:568)
at org.testng.internal.MethodInvocationHelper.invokeMethod(MethodInvocationHelper.java:133)
at org.testng.internal.TestInvoker.invokeMethod(TestInvoker.java:598)
at org.testng.internal.TestInvoker.invokeTestMethod(TestInvoker.java:173)
at org.testng.internal.MethodRunner.runInSequence(MethodRunner.java:46)
at org.testng.internal.TestInvoker$MethodInvocationAgent.invoke(TestInvoker.java:824)
at org.testng.internal.TestInvoker.invokeTestMethods(TestInvoker.java:146)
at org.testng.internal.TestMethodWorker.invokeTestMethods(TestMethodWorker.java:146)
at org.testng.internal.TestMethodWorker.run(TestMethodWorker.java:128)
at java.base/java.util.ArrayList.forEach(ArrayList.java:1511)
at org.testng.TestRunner.privateRun(TestRunner.java:794)
at org.testng.TestRunner.run(TestRunner.java:596)
at org.testng.SuiteRunner.runTest(SuiteRunner.java:377)
at org.testng.SuiteRunner.runSequentially(SuiteRunner.java:371)
at org.testng.SuiteRunner.privateRun(SuiteRunner.java:332)
at org.testng.SuiteRunner.run(SuiteRunner.java:276)
at org.testng.SuiteRunnerWorker.runSuite(SuiteRunnerWorker.java:53)
at org.testng.SuiteRunnerWorker.run(SuiteRunnerWorker.java:96)
at org.testng.TestNG.runSuitesSequentially(TestNG.java:1212)
at org.testng.TestNG.runSuitesLocally(TestNG.java:1134)
at org.testng.TestNG.runSuites(TestNG.java:1063)
at org.testng.TestNG.run(TestNG.java:1031)
at org.testng.remote.AbstractRemoteTestNG.run(AbstractRemoteTestNG.java:115)
at org.testng.remote.RemoteTestNG.initAndRun(RemoteTestNG.java:251)
at org.testng.remote.RemoteTestNG.main(RemoteTestNG.java:77)
]]>
            </full-stacktrace>
          </exception> <!-- java.lang.AssertionError -->
          <reporter-output>
          </reporter-output>
        </test-method> <!-- data1 -->
        <test-method is-config="true" signature="closebrowser()[pri:0, instance:Annotations.dataprovider@4f2b503c]" started-at="2025-05-23T15:08:18 IST" name="closebrowser" finished-at="2025-05-23T15:08:18 IST" duration-ms="114" status="PASS">
          <reporter-output>
          </reporter-output>
        </test-method> <!-- closebrowser -->
        <test-method is-config="true" signature="launchbrowser(java.lang.String)[pri:0, instance:Annotations.dataprovider@4f2b503c]" started-at="2025-05-23T15:08:18 IST" name="launchbrowser" finished-at="2025-05-23T15:08:22 IST" duration-ms="4107" status="PASS">
          <params>
            <param index="0">
              <value>
                <![CDATA[chrome]]>
              </value>
            </param>
          </params>
          <reporter-output>
          </reporter-output>
        </test-method> <!-- launchbrowser -->
        <test-method retried="true" signature="data1(java.lang.String,java.lang.String)[pri:2, instance:Annotations.dataprovider@4f2b503c]" started-at="2025-05-23T15:08:22 IST" name="data1" data-provider="datas" finished-at="2025-05-23T15:08:23 IST" duration-ms="1003" status="SKIP">
          <params>
            <param index="0">
              <value>
                <![CDATA[student]]>
              </value>
            </param>
            <param index="1">
              <value>
                <![CDATA[Password123]]>
              </value>
            </param>
          </params>
          <exception class="java.lang.AssertionError">
            <message>
              <![CDATA[logpassed expected [https://practicetestautomation.com/practice-test-login/] but found [https://practicetestautomation.com/logged-in-successfully/]]]>
            </message>
            <full-stacktrace>
              <![CDATA[java.lang.AssertionError: logpassed expected [https://practicetestautomation.com/practice-test-login/] but found [https://practicetestautomation.com/logged-in-successfully/]
at org.testng.Assert.fail(Assert.java:99)
at org.testng.Assert.failNotEquals(Assert.java:1037)
at org.testng.Assert.assertEqualsImpl(Assert.java:140)
at org.testng.Assert.assertEquals(Assert.java:122)
at org.testng.Assert.assertEquals(Assert.java:629)
at Annotations.dataprovider.data1(dataprovider.java:131)
at java.base/jdk.internal.reflect.NativeMethodAccessorImpl.invoke0(Native Method)
at java.base/jdk.internal.reflect.NativeMethodAccessorImpl.invoke(NativeMethodAccessorImpl.java:77)
at java.base/jdk.internal.reflect.DelegatingMethodAccessorImpl.invoke(DelegatingMethodAccessorImpl.java:43)
at java.base/java.lang.reflect.Method.invoke(Method.java:568)
at org.testng.internal.MethodInvocationHelper.invokeMethod(MethodInvocationHelper.java:133)
at org.testng.internal.TestInvoker.invokeMethod(TestInvoker.java:598)
at org.testng.internal.TestInvoker.retryFailed(TestInvoker.java:213)
at org.testng.internal.MethodRunner.runInSequence(MethodRunner.java:58)
at org.testng.internal.TestInvoker$MethodInvocationAgent.invoke(TestInvoker.java:824)
at org.testng.internal.TestInvoker.invokeTestMethods(TestInvoker.java:146)
at org.testng.internal.TestMethodWorker.invokeTestMethods(TestMethodWorker.java:146)
at org.testng.internal.TestMethodWorker.run(TestMethodWorker.java:128)
at java.base/java.util.ArrayList.forEach(ArrayList.java:1511)
at org.testng.TestRunner.privateRun(TestRunner.java:794)
at org.testng.TestRunner.run(TestRunner.java:596)
at org.testng.SuiteRunner.runTest(SuiteRunner.java:377)
at org.testng.SuiteRunner.runSequentially(SuiteRunner.java:371)
at org.testng.SuiteRunner.privateRun(SuiteRunner.java:332)
at org.testng.SuiteRunner.run(SuiteRunner.java:276)
at org.testng.SuiteRunnerWorker.runSuite(SuiteRunnerWorker.java:53)
at org.testng.SuiteRunnerWorker.run(SuiteRunnerWorker.java:96)
at org.testng.TestNG.runSuitesSequentially(TestNG.java:1212)
at org.testng.TestNG.runSuitesLocally(TestNG.java:1134)
at org.testng.TestNG.runSuites(TestNG.java:1063)
at org.testng.TestNG.run(TestNG.java:1031)
at org.testng.remote.AbstractRemoteTestNG.run(AbstractRemoteTestNG.java:115)
at org.testng.remote.RemoteTestNG.initAndRun(RemoteTestNG.java:251)
at org.testng.remote.RemoteTestNG.main(RemoteTestNG.java:77)
]]>
            </full-stacktrace>
          </exception> <!-- java.lang.AssertionError -->
          <reporter-output>
          </reporter-output>
        </test-method> <!-- data1 -->
        <test-method is-config="true" signature="closebrowser()[pri:0, instance:Annotations.dataprovider@4f2b503c]" started-at="2025-05-23T15:08:23 IST" name="closebrowser" finished-at="2025-05-23T15:08:23 IST" duration-ms="144" status="PASS">
          <reporter-output>
          </reporter-output>
        </test-method> <!-- closebrowser -->
        <test-method is-config="true" signature="launchbrowser(java.lang.String)[pri:0, instance:Annotations.dataprovider@4f2b503c]" started-at="2025-05-23T15:08:23 IST" name="launchbrowser" finished-at="2025-05-23T15:08:27 IST" duration-ms="3179" status="PASS">
          <params>
            <param index="0">
              <value>
                <![CDATA[chrome]]>
              </value>
            </param>
          </params>
          <reporter-output>
          </reporter-output>
        </test-method> <!-- launchbrowser -->
        <test-method signature="data1(java.lang.String,java.lang.String)[pri:2, instance:Annotations.dataprovider@4f2b503c]" started-at="2025-05-23T15:08:27 IST" name="data1" data-provider="datas" finished-at="2025-05-23T15:08:28 IST" duration-ms="1051" status="FAIL">
          <params>
            <param index="0">
              <value>
                <![CDATA[student]]>
              </value>
            </param>
            <param index="1">
              <value>
                <![CDATA[Password123]]>
              </value>
            </param>
          </params>
          <exception class="java.lang.AssertionError">
            <message>
              <![CDATA[logpassed expected [https://practicetestautomation.com/practice-test-login/] but found [https://practicetestautomation.com/logged-in-successfully/]]]>
            </message>
            <full-stacktrace>
              <![CDATA[java.lang.AssertionError: logpassed expected [https://practicetestautomation.com/practice-test-login/] but found [https://practicetestautomation.com/logged-in-successfully/]
at org.testng.Assert.fail(Assert.java:99)
at org.testng.Assert.failNotEquals(Assert.java:1037)
at org.testng.Assert.assertEqualsImpl(Assert.java:140)
at org.testng.Assert.assertEquals(Assert.java:122)
at org.testng.Assert.assertEquals(Assert.java:629)
at Annotations.dataprovider.data1(dataprovider.java:131)
at java.base/jdk.internal.reflect.NativeMethodAccessorImpl.invoke0(Native Method)
at java.base/jdk.internal.reflect.NativeMethodAccessorImpl.invoke(NativeMethodAccessorImpl.java:77)
at java.base/jdk.internal.reflect.DelegatingMethodAccessorImpl.invoke(DelegatingMethodAccessorImpl.java:43)
at java.base/java.lang.reflect.Method.invoke(Method.java:568)
at org.testng.internal.MethodInvocationHelper.invokeMethod(MethodInvocationHelper.java:133)
at org.testng.internal.TestInvoker.invokeMethod(TestInvoker.java:598)
at org.testng.internal.TestInvoker.retryFailed(TestInvoker.java:213)
at org.testng.internal.MethodRunner.runInSequence(MethodRunner.java:58)
at org.testng.internal.TestInvoker$MethodInvocationAgent.invoke(TestInvoker.java:824)
at org.testng.internal.TestInvoker.invokeTestMethods(TestInvoker.java:146)
at org.testng.internal.TestMethodWorker.invokeTestMethods(TestMethodWorker.java:146)
at org.testng.internal.TestMethodWorker.run(TestMethodWorker.java:128)
at java.base/java.util.ArrayList.forEach(ArrayList.java:1511)
at org.testng.TestRunner.privateRun(TestRunner.java:794)
at org.testng.TestRunner.run(TestRunner.java:596)
at org.testng.SuiteRunner.runTest(SuiteRunner.java:377)
at org.testng.SuiteRunner.runSequentially(SuiteRunner.java:371)
at org.testng.SuiteRunner.privateRun(SuiteRunner.java:332)
at org.testng.SuiteRunner.run(SuiteRunner.java:276)
at org.testng.SuiteRunnerWorker.runSuite(SuiteRunnerWorker.java:53)
at org.testng.SuiteRunnerWorker.run(SuiteRunnerWorker.java:96)
at org.testng.TestNG.runSuitesSequentially(TestNG.java:1212)
at org.testng.TestNG.runSuitesLocally(TestNG.java:1134)
at org.testng.TestNG.runSuites(TestNG.java:1063)
at org.testng.TestNG.run(TestNG.java:1031)
at org.testng.remote.AbstractRemoteTestNG.run(AbstractRemoteTestNG.java:115)
at org.testng.remote.RemoteTestNG.initAndRun(RemoteTestNG.java:251)
at org.testng.remote.RemoteTestNG.main(RemoteTestNG.java:77)
]]>
            </full-stacktrace>
          </exception> <!-- java.lang.AssertionError -->
          <reporter-output>
          </reporter-output>
        </test-method> <!-- data1 -->
        <test-method is-config="true" signature="closebrowser()[pri:0, instance:Annotations.dataprovider@4f2b503c]" started-at="2025-05-23T15:08:28 IST" name="closebrowser" finished-at="2025-05-23T15:08:28 IST" duration-ms="128" status="PASS">
          <reporter-output>
          </reporter-output>
        </test-method> <!-- closebrowser -->
      </class> <!-- Annotations.dataprovider -->
    </test> <!-- SmokeTest -->
  </suite> <!-- Suite -->
</testng-results>
